 1        1   (0)      1 :  0.3960 0.6040 
 2        2   (0)      1 :  0.9940 0.0060 
 3        3   (0)      1 :  0.4444 0.5556 
 4        4  (14)      1 :  0.9899 0.0101 
 5        5   (0)      1 :  0.9970 0.0030 
 6        6   (0)      1 :  0.9980 0.0020 
 7        7   (0)      1 :  0.9970 0.0030 
 8        8   (0)      1 :  0.9963 0.0037 
 9        9   (0)      1 :  0.9960 0.0040 
10       10   (0)      1 :  0.9970 0.0030 
11       11   (0)      1 :  0.9254 0.0746 
12       12   (0)      1 :  0.9698 0.0302 
13       13   (0)      1 :  0.9970 0.0030 
14       14   (7)      1 :  0.9975 0.0025 
15       15   (0)      1 :  0.9970 0.0030 
16       16   (0)      1 :  0.9970 0.0030 
17       17   (7)      1 :  0.9969 0.0031 
18       18   (0)      1 :  0.0030 0.9970 
19       19   (0)      2 :  0.9820 0.0180 
20       20   (0)      2 :  0.9970 0.0030 
21       21   (0)      2 :  0.9970 0.0030 
22       22   (0)      2 :  0.9970 0.0030 
23       23   (0)      2 :  0.9970 0.0030 
24       24   (0)      2 :  0.9971 0.0029 
25       25   (0)      2 :  0.9940 0.0060 
26       26   (7)      2 :  0.9979 0.0021 
27       27   (0)      2 :  0.9811 0.0189 
28       28  (14)      3 :  0.9970 0.0030 
29       29   (7)      3 :  0.9903 0.0097 
30       30   (0)      3 :  0.9960 0.0040 
31       31   (0)      3 :  0.9980 0.0020 
32       32   (0)      3 :  0.9970 0.0030 
33       33   (0)      4 :  0.0426 0.9574 
34       34   (0)      4 :  0.4103 0.5897 
35       35   (0)      4 :  0.9799 0.0201 
36       36   (0)      4 :  0.9869 0.0131 
37       37   (0)      4 :  0.9970 0.0030 
38       38   (0)      4 :  0.9960 0.0040 
39       39   (7)      5 :  0.9710 0.0290 
40       40   (0)      5 :  0.9960 0.0040 
41       41   (0)      5 :  0.9960 0.0040 
42       42   (0)      5 :  0.9930 0.0070 
43       43   (7)      5 :  0.9931 0.0069 
44       44   (0)      5 :  0.9970 0.0030 
45       45   (0)      6 :  0.9975 0.0025 
46       46   (0)      6 :  0.9970 0.0030 
47       47   (7)      6 :  0.9970 0.0030 
48       48   (0)      6 :  0.9950 0.0050 
49       49   (0)      6 :  0.9955 0.0045 
50       50   (0)      6 :  0.9961 0.0039 
51       51   (0)      7 :  0.9970 0.0030 
52       52   (0)      7 :  0.6270 0.3730 
53       53   (0)      7 :  0.9970 0.0030 
54       54   (0)      7 :  0.9968 0.0032 
55       55   (7)      7 :  0.9930 0.0070 
56       56   (7)      7 :  0.9910 0.0090 
57       57   (7)      7 :  0.3760 0.6240 
58       58   (0)      7 :  0.9970 0.0030 
59       59   (0)      7 :  0.0020 0.9980 
60       60   (0)      8 :  0.9960 0.0040 
61       61   (0)      8 :  0.9970 0.0030 
62       62   (0)      9 :  0.9960 0.0040 
63       63   (0)      9 :  0.9960 0.0040 
64       64   (0)      9 :  0.9741 0.0259 
65       65   (0)     10 :  0.8207 0.1793 
66       66   (0)     10 :  0.9904 0.0096 
67       67   (0)     10 :  0.9979 0.0021 
68       68   (0)     10 :  0.9956 0.0044 
69       69   (0)     10 :  0.9970 0.0030 
70       70   (0)     10 :  0.9950 0.0050 
71       71   (0)     10 :  0.0030 0.9970 
72       72  (14)     10 :  0.6978 0.3022 
73       73   (0)     10 :  0.9960 0.0040 
74       74  (21)     10 :  0.9970 0.0030 
75       75   (0)     10 :  0.9960 0.0040 
76       76   (0)     10 :  0.9842 0.0158 
77       77   (0)     10 :  0.9970 0.0030 
78       78   (0)     10 :  0.0030 0.9970 
79       79   (0)     11 :  0.9970 0.0030 
80       80   (0)     11 :  0.9970 0.0030 
81       81   (0)     11 :  0.0372 0.9628 
82       82   (0)     11 :  0.9951 0.0049 
83       83   (0)     11 :  0.9860 0.0140 
84       84   (0)     11 :  0.9821 0.0179 
85       85   (0)     11 :  0.9940 0.0060 
86       86   (0)     11 :  0.9970 0.0030 
87       87  (35)     11 :  0.0224 0.9776 
88       88   (7)     11 :  0.9950 0.0050 
89       89   (0)     11 :  0.9960 0.0040 
90       90   (0)     11 :  0.9970 0.0030 
