 1        1   (0)      1 :  1.0000 0.0000 
 2        2   (0)      1 :  0.0000 1.0000 
 3        3   (0)      1 :  1.0000 0.0000 
 4        4  (14)      1 :  0.0000 1.0000 
 5        5   (0)      1 :  0.0000 1.0000 
 6        6   (0)      1 :  0.0000 1.0000 
 7        7   (0)      1 :  0.0000 1.0000 
 8        8   (0)      1 :  0.0000 1.0000 
 9        9   (0)      1 :  0.0000 1.0000 
10       10   (0)      1 :  0.0000 1.0000 
11       11   (0)      1 :  0.0000 1.0000 
12       12   (0)      1 :  0.0000 1.0000 
13       13   (0)      1 :  0.0000 1.0000 
14       14   (7)      1 :  0.0000 1.0000 
15       15   (0)      1 :  0.0000 1.0000 
16       16   (0)      1 :  0.0000 1.0000 
17       17   (7)      1 :  0.0000 1.0000 
18       18   (0)      1 :  1.0000 0.0000 
19       19   (0)      2 :  0.0000 1.0000 
20       20   (0)      2 :  0.0000 1.0000 
21       21   (0)      2 :  0.0000 1.0000 
22       22   (0)      2 :  0.0000 1.0000 
23       23   (0)      2 :  0.0000 1.0000 
24       24   (0)      2 :  0.0000 1.0000 
25       25   (0)      2 :  0.0000 1.0000 
26       26   (7)      2 :  0.0000 1.0000 
27       27   (0)      2 :  0.0000 1.0000 
28       28  (14)      3 :  0.0000 1.0000 
29       29   (7)      3 :  0.0000 1.0000 
30       30   (0)      3 :  0.0000 1.0000 
31       31   (0)      3 :  0.0000 1.0000 
32       32   (0)      3 :  0.0000 1.0000 
33       33   (0)      4 :  1.0000 0.0000 
34       34   (0)      4 :  0.9980 0.0020 
35       35   (0)      4 :  0.0000 1.0000 
36       36   (0)      4 :  0.0000 1.0000 
37       37   (0)      4 :  0.0000 1.0000 
38       38   (0)      4 :  0.0000 1.0000 
39       39   (7)      5 :  0.0000 1.0000 
40       40   (0)      5 :  0.0000 1.0000 
41       41   (0)      5 :  0.0000 1.0000 
42       42   (0)      5 :  0.0000 1.0000 
43       43   (7)      5 :  0.0000 1.0000 
44       44   (0)      5 :  0.0000 1.0000 
45       45   (0)      6 :  0.0000 1.0000 
46       46   (0)      6 :  0.0000 1.0000 
47       47   (7)      6 :  0.0000 1.0000 
48       48   (0)      6 :  0.0000 1.0000 
49       49   (0)      6 :  0.0000 1.0000 
50       50   (0)      6 :  0.0000 1.0000 
51       51   (0)      7 :  0.0000 1.0000 
52       52   (0)      7 :  0.7953 0.2047 
53       53   (0)      7 :  0.0000 1.0000 
54       54   (0)      7 :  0.0000 1.0000 
55       55   (7)      7 :  0.0000 1.0000 
56       56   (7)      7 :  0.0000 1.0000 
57       57   (7)      7 :  1.0000 0.0000 
58       58   (0)      7 :  0.0000 1.0000 
59       59   (0)      7 :  1.0000 0.0000 
60       60   (0)      8 :  0.0000 1.0000 
61       61   (0)      8 :  0.0000 1.0000 
62       62   (0)      9 :  0.0000 1.0000 
63       63   (0)      9 :  0.0000 1.0000 
64       64   (0)      9 :  0.0000 1.0000 
65       65   (0)     10 :  0.0429 0.9571 
66       66   (0)     10 :  0.0000 1.0000 
67       67   (0)     10 :  0.0000 1.0000 
68       68   (0)     10 :  0.0000 1.0000 
69       69   (0)     10 :  0.0000 1.0000 
70       70   (0)     10 :  0.0000 1.0000 
71       71   (0)     10 :  1.0000 0.0000 
72       72  (14)     10 :  0.1954 0.8046 
73       73   (0)     10 :  0.0000 1.0000 
74       74  (21)     10 :  0.0000 1.0000 
75       75   (0)     10 :  0.0000 1.0000 
76       76   (0)     10 :  0.0000 1.0000 
77       77   (0)     10 :  0.0000 1.0000 
78       78   (0)     10 :  1.0000 0.0000 
79       79   (0)     11 :  0.0000 1.0000 
80       80   (0)     11 :  0.0000 1.0000 
81       81   (0)     11 :  1.0000 0.0000 
82       82   (0)     11 :  0.0000 1.0000 
83       83   (0)     11 :  0.0000 1.0000 
84       84   (0)     11 :  0.0000 1.0000 
85       85   (0)     11 :  0.0000 1.0000 
86       86   (0)     11 :  0.0000 1.0000 
87       87  (35)     11 :  1.0000 0.0000 
88       88   (7)     11 :  0.0000 1.0000 
89       89   (0)     11 :  0.0000 1.0000 
90       90   (0)     11 :  0.0000 1.0000 
